  [1m[36m (78.1ms)[0m  [1mCREATE TABLE "schema_migrations" ("version" varchar NOT NULL) [0m
  [1m[35m (0.1ms)[0m  select sqlite_version(*)
  [1m[36m (74.7ms)[0m  [1mCREATE UNIQUE INDEX "unique_schema_migrations" ON "schema_migrations" ("version")[0m
  [1m[35mActiveRecord::SchemaMigration Load (0.1ms)[0m  SELECT "schema_migrations".* FROM "schema_migrations"
Migrating to CreateNewsArticles (20160131223559)
  [1m[36m (0.1ms)[0m  [1mbegin transaction[0m
  [1m[35m (0.5ms)[0m  CREATE TABLE "news_articles" ("id" INTEGER PRIMARY KEY AUTOINCREMENT NOT NULL, "title" varchar, "description" varchar, "body" text, "imageUrl" varchar, "moreInfoUrl" varchar, "created_at" datetime NOT NULL, "updated_at" datetime NOT NULL) 
  [1m[36mSQL (0.2ms)[0m  [1mINSERT INTO "schema_migrations" ("version") VALUES (?)[0m  [["version", "20160131223559"]]
  [1m[35m (80.4ms)[0m  commit transaction
  [1m[36mActiveRecord::SchemaMigration Load (0.1ms)[0m  [1mSELECT "schema_migrations".* FROM "schema_migrations"[0m


Started GET "/" for 127.0.0.1 at 2016-01-31 17:36:33 -0500
  [1m[36mActiveRecord::SchemaMigration Load (0.1ms)[0m  [1mSELECT "schema_migrations".* FROM "schema_migrations"[0m
Processing by Rails::WelcomeController#index as HTML
  Rendered /home/wdospinal/.rvm/gems/ruby-2.2.1/gems/railties-4.2.5.1/lib/rails/templates/rails/welcome/index.html.erb (1.2ms)
Completed 200 OK in 15ms (Views: 7.7ms | ActiveRecord: 0.0ms)


Started GET "/" for 127.0.0.1 at 2016-01-31 17:38:36 -0500
Processing by NewsArticlesController#index as HTML
  [1m[35mNewsArticle Load (0.3ms)[0m  SELECT "news_articles".* FROM "news_articles"
  Rendered news_articles/index.html.erb within layouts/application (3.2ms)
Completed 500 Internal Server Error in 295ms (ActiveRecord: 0.4ms)

ActionView::Template::Error (Could not find a JavaScript runtime. See https://github.com/rails/execjs for a list of available runtimes.):
    2: <html>
    3: <head>
    4:   <title>KrumpirServer</title>
    5:   <%= stylesheet_link_tag    'application', media: 'all', 'data-turbolinks-track' => true %>
    6:   <%= javascript_include_tag 'application', 'data-turbolinks-track' => true %>
    7:   <%= csrf_meta_tags %>
    8: </head>
  app/views/layouts/application.html.erb:5:in `_app_views_layouts_application_html_erb__698344256156830742_70108697653820'


  Rendered /home/wdospinal/.rvm/gems/ruby-2.2.1/gems/actionpack-4.2.5.1/lib/action_dispatch/middleware/templates/rescues/_source.erb (15.1ms)
  Rendered /home/wdospinal/.rvm/gems/ruby-2.2.1/gems/actionpack-4.2.5.1/lib/action_dispatch/middleware/templates/rescues/_trace.html.erb (4.9ms)
  Rendered /home/wdospinal/.rvm/gems/ruby-2.2.1/gems/actionpack-4.2.5.1/lib/action_dispatch/middleware/templates/rescues/_request_and_response.html.erb (1.1ms)
  Rendered /home/wdospinal/.rvm/gems/ruby-2.2.1/gems/actionpack-4.2.5.1/lib/action_dispatch/middleware/templates/rescues/template_error.html.erb within rescues/layout (36.3ms)
  Rendered /home/wdospinal/.rvm/gems/ruby-2.2.1/gems/web-console-2.3.0/lib/web_console/templates/_markup.html.erb (0.4ms)
  Rendered /home/wdospinal/.rvm/gems/ruby-2.2.1/gems/web-console-2.3.0/lib/web_console/templates/_inner_console_markup.html.erb within layouts/inlined_string (0.3ms)
  Rendered /home/wdospinal/.rvm/gems/ruby-2.2.1/gems/web-console-2.3.0/lib/web_console/templates/_prompt_box_markup.html.erb within layouts/inlined_string (0.3ms)
  Rendered /home/wdospinal/.rvm/gems/ruby-2.2.1/gems/web-console-2.3.0/lib/web_console/templates/style.css.erb within layouts/inlined_string (0.3ms)
  Rendered /home/wdospinal/.rvm/gems/ruby-2.2.1/gems/web-console-2.3.0/lib/web_console/templates/console.js.erb within layouts/javascript (19.2ms)
  Rendered /home/wdospinal/.rvm/gems/ruby-2.2.1/gems/web-console-2.3.0/lib/web_console/templates/main.js.erb within layouts/javascript (0.2ms)
  Rendered /home/wdospinal/.rvm/gems/ruby-2.2.1/gems/web-console-2.3.0/lib/web_console/templates/error_page.js.erb within layouts/javascript (0.3ms)
  Rendered /home/wdospinal/.rvm/gems/ruby-2.2.1/gems/web-console-2.3.0/lib/web_console/templates/index.html.erb (35.6ms)


Started GET "/" for 127.0.0.1 at 2016-01-31 17:39:32 -0500
  [1m[36mActiveRecord::SchemaMigration Load (0.1ms)[0m  [1mSELECT "schema_migrations".* FROM "schema_migrations"[0m
Processing by NewsArticlesController#index as HTML
  [1m[35mNewsArticle Load (0.1ms)[0m  SELECT "news_articles".* FROM "news_articles"
  Rendered news_articles/index.html.erb within layouts/application (2.7ms)
Completed 500 Internal Server Error in 163ms (ActiveRecord: 0.2ms)

ActionView::Template::Error (Could not find a JavaScript runtime. See https://github.com/rails/execjs for a list of available runtimes.):
    2: <html>
    3: <head>
    4:   <title>KrumpirServer</title>
    5:   <%= stylesheet_link_tag    'application', media: 'all', 'data-turbolinks-track' => true %>
    6:   <%= javascript_include_tag 'application', 'data-turbolinks-track' => true %>
    7:   <%= csrf_meta_tags %>
    8: </head>
  app/views/layouts/application.html.erb:5:in `_app_views_layouts_application_html_erb__3635638781557569615_37987640'


  Rendered /home/wdospinal/.rvm/gems/ruby-2.2.1/gems/actionpack-4.2.5.1/lib/action_dispatch/middleware/templates/rescues/_source.erb (8.4ms)
  Rendered /home/wdospinal/.rvm/gems/ruby-2.2.1/gems/actionpack-4.2.5.1/lib/action_dispatch/middleware/templates/rescues/_trace.html.erb (3.2ms)
  Rendered /home/wdospinal/.rvm/gems/ruby-2.2.1/gems/actionpack-4.2.5.1/lib/action_dispatch/middleware/templates/rescues/_request_and_response.html.erb (0.8ms)
  Rendered /home/wdospinal/.rvm/gems/ruby-2.2.1/gems/actionpack-4.2.5.1/lib/action_dispatch/middleware/templates/rescues/template_error.html.erb within rescues/layout (22.3ms)
  Rendered /home/wdospinal/.rvm/gems/ruby-2.2.1/gems/web-console-2.3.0/lib/web_console/templates/_markup.html.erb (0.3ms)
  Rendered /home/wdospinal/.rvm/gems/ruby-2.2.1/gems/web-console-2.3.0/lib/web_console/templates/_inner_console_markup.html.erb within layouts/inlined_string (0.2ms)
  Rendered /home/wdospinal/.rvm/gems/ruby-2.2.1/gems/web-console-2.3.0/lib/web_console/templates/_prompt_box_markup.html.erb within layouts/inlined_string (0.3ms)
  Rendered /home/wdospinal/.rvm/gems/ruby-2.2.1/gems/web-console-2.3.0/lib/web_console/templates/style.css.erb within layouts/inlined_string (0.3ms)
  Rendered /home/wdospinal/.rvm/gems/ruby-2.2.1/gems/web-console-2.3.0/lib/web_console/templates/console.js.erb within layouts/javascript (16.0ms)
  Rendered /home/wdospinal/.rvm/gems/ruby-2.2.1/gems/web-console-2.3.0/lib/web_console/templates/main.js.erb within layouts/javascript (0.3ms)
  Rendered /home/wdospinal/.rvm/gems/ruby-2.2.1/gems/web-console-2.3.0/lib/web_console/templates/error_page.js.erb within layouts/javascript (0.2ms)
  Rendered /home/wdospinal/.rvm/gems/ruby-2.2.1/gems/web-console-2.3.0/lib/web_console/templates/index.html.erb (28.4ms)


Started GET "/" for 127.0.0.1 at 2016-01-31 17:39:37 -0500
Processing by NewsArticlesController#index as HTML
  [1m[36mNewsArticle Load (0.2ms)[0m  [1mSELECT "news_articles".* FROM "news_articles"[0m
  Rendered news_articles/index.html.erb within layouts/application (1.0ms)
Completed 500 Internal Server Error in 22ms (ActiveRecord: 0.2ms)

ActionView::Template::Error (Could not find a JavaScript runtime. See https://github.com/rails/execjs for a list of available runtimes.):
    2: <html>
    3: <head>
    4:   <title>KrumpirServer</title>
    5:   <%= stylesheet_link_tag    'application', media: 'all', 'data-turbolinks-track' => true %>
    6:   <%= javascript_include_tag 'application', 'data-turbolinks-track' => true %>
    7:   <%= csrf_meta_tags %>
    8: </head>
  app/views/layouts/application.html.erb:5:in `_app_views_layouts_application_html_erb__3635638781557569615_37987640'


  Rendered /home/wdospinal/.rvm/gems/ruby-2.2.1/gems/actionpack-4.2.5.1/lib/action_dispatch/middleware/templates/rescues/_source.erb (9.1ms)
  Rendered /home/wdospinal/.rvm/gems/ruby-2.2.1/gems/actionpack-4.2.5.1/lib/action_dispatch/middleware/templates/rescues/_trace.html.erb (4.2ms)
  Rendered /home/wdospinal/.rvm/gems/ruby-2.2.1/gems/actionpack-4.2.5.1/lib/action_dispatch/middleware/templates/rescues/_request_and_response.html.erb (0.9ms)
  Rendered /home/wdospinal/.rvm/gems/ruby-2.2.1/gems/actionpack-4.2.5.1/lib/action_dispatch/middleware/templates/rescues/template_error.html.erb within rescues/layout (24.4ms)
  Rendered /home/wdospinal/.rvm/gems/ruby-2.2.1/gems/web-console-2.3.0/lib/web_console/templates/_markup.html.erb (0.3ms)
  Rendered /home/wdospinal/.rvm/gems/ruby-2.2.1/gems/web-console-2.3.0/lib/web_console/templates/_inner_console_markup.html.erb within layouts/inlined_string (0.3ms)
  Rendered /home/wdospinal/.rvm/gems/ruby-2.2.1/gems/web-console-2.3.0/lib/web_console/templates/_prompt_box_markup.html.erb within layouts/inlined_string (0.3ms)
  Rendered /home/wdospinal/.rvm/gems/ruby-2.2.1/gems/web-console-2.3.0/lib/web_console/templates/style.css.erb within layouts/inlined_string (0.3ms)
  Rendered /home/wdospinal/.rvm/gems/ruby-2.2.1/gems/web-console-2.3.0/lib/web_console/templates/console.js.erb within layouts/javascript (11.7ms)
  Rendered /home/wdospinal/.rvm/gems/ruby-2.2.1/gems/web-console-2.3.0/lib/web_console/templates/main.js.erb within layouts/javascript (0.2ms)
  Rendered /home/wdospinal/.rvm/gems/ruby-2.2.1/gems/web-console-2.3.0/lib/web_console/templates/error_page.js.erb within layouts/javascript (0.3ms)
  Rendered /home/wdospinal/.rvm/gems/ruby-2.2.1/gems/web-console-2.3.0/lib/web_console/templates/index.html.erb (22.5ms)


Started GET "/" for 127.0.0.1 at 2016-01-31 17:40:02 -0500
Processing by NewsArticlesController#index as HTML
  [1m[35mNewsArticle Load (0.2ms)[0m  SELECT "news_articles".* FROM "news_articles"
  Rendered news_articles/index.html.erb within layouts/application (1.2ms)
Completed 200 OK in 4ms (Views: 3.6ms | ActiveRecord: 0.2ms)


Started GET "/news_articles/new" for 127.0.0.1 at 2016-01-31 17:40:09 -0500
Processing by NewsArticlesController#new as HTML
  Rendered news_articles/_form.html.erb (38.6ms)
  Rendered news_articles/new.html.erb within layouts/application (41.2ms)
Completed 200 OK in 54ms (Views: 43.4ms | ActiveRecord: 0.4ms)


Started GET "/news_articles" for 127.0.0.1 at 2016-01-31 17:40:11 -0500
Processing by NewsArticlesController#index as HTML
  [1m[36mNewsArticle Load (0.2ms)[0m  [1mSELECT "news_articles".* FROM "news_articles"[0m
  Rendered news_articles/index.html.erb within layouts/application (0.8ms)
Completed 200 OK in 3ms (Views: 2.0ms | ActiveRecord: 0.2ms)


Started GET "/" for 127.0.0.1 at 2016-01-31 17:48:02 -0500
Processing by NewsArticlesController#index as HTML
  [1m[35mNewsArticle Load (0.2ms)[0m  SELECT "news_articles".* FROM "news_articles"
  Rendered news_articles/index.html.erb within layouts/application (0.9ms)
Completed 200 OK in 4ms (Views: 2.6ms | ActiveRecord: 0.2ms)


Started GET "/news_articles/new" for 127.0.0.1 at 2016-01-31 18:00:22 -0500
Processing by NewsArticlesController#new as HTML
  Rendered news_articles/_form.html.erb (4.2ms)
  Rendered news_articles/new.html.erb within layouts/application (5.1ms)
Completed 200 OK in 7ms (Views: 6.6ms | ActiveRecord: 0.0ms)
